<?xml version="1.0" encoding="UTF-8"?>
<testng-results ignored="0" total="3" passed="3" failed="0" skipped="0">
  <reporter-output>
  </reporter-output>
  <suite started-at="2024-07-03T18:28:53 IST" name="All Test Suite" finished-at="2024-07-03T18:29:55 IST" duration-ms="61894">
    <groups>
    </groups>
    <test started-at="2024-07-03T18:28:53 IST" name="parallelTest" finished-at="2024-07-03T18:29:55 IST" duration-ms="61894">
      <class name="ChromeStandAloneTest">
        <test-method is-config="true" signature="startDockerScale()[pri:0, instance:ChromeStandAloneTest@77847718]" started-at="2024-07-03T18:28:53 IST" name="startDockerScale" finished-at="2024-07-03T18:29:08 IST" duration-ms="14776" status="PASS">
          <reporter-output>
          </reporter-output>
        </test-method> <!-- startDockerScale -->
        <test-method signature="chromeTest3()[pri:0, instance:ChromeStandAloneTest@77847718]" started-at="2024-07-03T18:29:08 IST" name="chromeTest3" finished-at="2024-07-03T18:29:14 IST" duration-ms="6422" status="PASS">
          <reporter-output>
          </reporter-output>
        </test-method> <!-- chromeTest3 -->
        <test-method signature="chromeTest2()[pri:0, instance:ChromeStandAloneTest@77847718]" started-at="2024-07-03T18:29:08 IST" name="chromeTest2" finished-at="2024-07-03T18:29:42 IST" duration-ms="34337" status="PASS">
          <reporter-output>
          </reporter-output>
        </test-method> <!-- chromeTest2 -->
        <test-method signature="chromeTest1()[pri:0, instance:ChromeStandAloneTest@77847718]" started-at="2024-07-03T18:29:08 IST" name="chromeTest1" finished-at="2024-07-03T18:29:15 IST" duration-ms="6952" status="PASS">
          <reporter-output>
          </reporter-output>
        </test-method> <!-- chromeTest1 -->
        <test-method is-config="true" signature="dockerStopContainers()[pri:0, instance:ChromeStandAloneTest@77847718]" started-at="2024-07-03T18:29:42 IST" name="dockerStopContainers" finished-at="2024-07-03T18:29:55 IST" duration-ms="12722" status="PASS">
          <reporter-output>
          </reporter-output>
        </test-method> <!-- dockerStopContainers -->
      </class> <!-- ChromeStandAloneTest -->
    </test> <!-- parallelTest -->
  </suite> <!-- All Test Suite -->
</testng-results>
