<?xml version="1.0" encoding="UTF-8"?>
<testsuite xmlns:xsi="http://www.w3.org/2001/XMLSchema-instance" xsi:noNamespaceSchemaLocation="https://maven.apache.org/surefire/maven-surefire-plugin/xsd/surefire-test-report.xsd" version="3.0.1" name="TestSuite" time="62.725" tests="3" errors="0" skipped="0" failures="0">
  <properties>
[...]
</properties>
  <testcase name="chromeTest3" classname="ChromeStandAloneTest" time="6.42">
    <system-out><![CDATA[selenium nodes ready to use
Gmail
]]></system-out>
    <system-err><![CDATA[SLF4J: Failed to load class "org.slf4j.impl.StaticLoggerBinder".
SLF4J: Defaulting to no-operation (NOP) logger implementation
SLF4J: See http://www.slf4j.org/codes.html#StaticLoggerBinder for further details.
Jul 03, 2024 6:29:08 PM org.openqa.selenium.remote.tracing.opentelemetry.OpenTelemetryTracer createTracer
INFO: Using OpenTelemetry for tracing
]]></system-err>
  </testcase>
  <testcase name="chromeTest1" classname="ChromeStandAloneTest" time="6.949">
    <system-out><![CDATA[Google
]]></system-out>
  </testcase>
  <testcase name="chromeTest2" classname="ChromeStandAloneTest" time="34.332">
    <system-out><![CDATA[Yahoo | Mail, Weather, Search, Politics, News, Finance, Sports & Videos
]]></system-out>
  </testcase>
</testsuite>