<?xml version="1.0" encoding="UTF-8"?>
<!-- Generated by org.testng.reporters.JUnitXMLReporter -->
<testsuite ignored="0" hostname="Amit-z-Predator" failures="0" tests="3" name="parallelTest" time="61.894" errors="0" timestamp="2024-07-03T18:29:55 IST">
  <testcase classname="ChromeStandAloneTest" name="chromeTest3" time="6.422"/>
  <testcase classname="ChromeStandAloneTest" name="chromeTest1" time="6.952"/>
  <testcase classname="ChromeStandAloneTest" name="chromeTest2" time="34.337"/>
</testsuite> <!-- parallelTest -->
